Using pre-set license
Built from '2020.3/staging' branch; Version is '2020.3.3f1 (76626098c1c4) revision 7758432'; Using compiler version '192528614'; Build Type 'Release'
OS: 'Windows 10 Home Single Language; OS build 19043.1415; Version 2009; 64bit' Language: 'en' Physical Memory: 16191 MB
BatchMode: 1, IsHumanControllingUs: 0, StartBugReporterOnCrash: 0, Is64bit: 1, IsPro: 0

 COMMAND LINE ARGUMENTS:
D:\UNITY\2020.3.3f1\Editor\Unity.exe
-adb2
-batchMode
-noUpm
-name
AssetImportWorker0
-projectPath
D:/UNITY/GamePhyImplementation
-logFile
Logs/AssetImportWorker0.log
-srvPort
57905
Successfully changed project path to: D:/UNITY/GamePhyImplementation
D:/UNITY/GamePhyImplementation
Using Asset Import Pipeline V2.
Refreshing native plugins compatible for Editor in 33.41 ms, found 0 plugins.
Preloading 0 native plugins for Editor in 0.00 ms.
Initialize engine version: 2020.3.3f1 (76626098c1c4)
[Subsystems] Discovering subsystems at path D:/UNITY/2020.3.3f1/Editor/Data/Resources/UnitySubsystems
[Subsystems] Discovering subsystems at path D:/UNITY/GamePhyImplementation/Assets
GfxDevice: creating device client; threaded=0
Direct3D:
    Version:  Direct3D 11.0 [level 11.1]
    Renderer: NVIDIA GeForce GTX 1660 Ti with Max-Q Design (ID=0x2191)
    Vendor:   
    VRAM:     5991 MB
    Driver:   30.0.14.9709
Initialize mono
Mono path[0] = 'D:/UNITY/2020.3.3f1/Editor/Data/Managed'
Mono path[1] = 'D:/UNITY/2020.3.3f1/Editor/Data/MonoBleedingEdge/lib/mono/unityjit'
Mono config path = 'D:/UNITY/2020.3.3f1/Editor/Data/MonoBleedingEdge/etc'
Using monoOptions --debugger-agent=transport=dt_socket,embedding=1,server=y,suspend=n,address=127.0.0.1:56956
Begin MonoManager ReloadAssembly
Registering precompiled unity dll's ...
Register platform support module: D:/UNITY/2020.3.3f1/Editor/Data/PlaybackEngines/WindowsStandaloneSupport/UnityEditor.WindowsStandalone.Extensions.dll
Registered in 0.001577 seconds.
Native extension for WindowsStandalone target not found
Refreshing native plugins compatible for Editor in 30.53 ms, found 0 plugins.
Preloading 0 native plugins for Editor in 0.00 ms.
Invoked RoslynAnalysisRunner static constructor.
RoslynAnalysisRunner will not be running.
RoslynAnalysisRunner has terminated.
Mono: successfully reloaded assembly
- Completed reload, in  1.295 seconds
Platform modules already initialized, skipping
Registering precompiled user dll's ...
Registered in 0.000720 seconds.
Begin MonoManager ReloadAssembly
Native extension for WindowsStandalone target not found
Refreshing native plugins compatible for Editor in 0.26 ms, found 0 plugins.
Preloading 0 native plugins for Editor in 0.00 ms.
Invoked RoslynAnalysisRunner static constructor.
RoslynAnalysisRunner will not be running.
RoslynAnalysisRunner has terminated.
Mono: successfully reloaded assembly
- Completed reload, in  1.004 seconds
Platform modules already initialized, skipping
========================================================================
Worker process is ready to serve import requests
Launched and connected shader compiler UnityShaderCompiler.exe after 0.05 seconds
Refreshing native plugins compatible for Editor in 0.34 ms, found 0 plugins.
Preloading 0 native plugins for Editor in 0.00 ms.
Unloading 1115 Unused Serialized files (Serialized files now loaded: 0)
System memory in use before: 57.1 MB.
System memory in use after: 57.1 MB.

Unloading 10 unused Assets to reduce memory usage. Loaded Objects now: 1557.
Total: 3.514000 ms (FindLiveObjects: 0.203000 ms CreateObjectMapping: 0.031300 ms MarkObjects: 3.165200 ms  DeleteObjects: 0.112300 ms)

========================================================================
Received Import Request.
  path: Assets
  artifactKey: Guid(00000000000000001000000000000000) Importer(815301076,1909f56bfc062723c751e8b465ee728b)
Start importing Assets using Guid(00000000000000001000000000000000) Importer(815301076,1909f56bfc062723c751e8b465ee728b)  -> (artifact id: 'b2e0e235c0f4af3754229b664788db90') in 0.010829 seconds
  Import took 0.012832 seconds .

========================================================================
Received Import Request.
  Time since last request: 11.261600 seconds.
  path: Assets/Scripts
  artifactKey: Guid(0e3ce7dc1fbbe0f4a86e619343d78bb5) Importer(815301076,1909f56bfc062723c751e8b465ee728b)
Start importing Assets/Scripts using Guid(0e3ce7dc1fbbe0f4a86e619343d78bb5) Importer(815301076,1909f56bfc062723c751e8b465ee728b)  -> (artifact id: '0cadd37c6254257f2346691eace1fa43') in 0.011001 seconds
  Import took 0.014007 seconds .

========================================================================
Received Import Request.
  Time since last request: 0.000531 seconds.
  path: Assets/Scripts
  artifactKey: Guid(0e3ce7dc1fbbe0f4a86e619343d78bb5) Importer(815301076,1909f56bfc062723c751e8b465ee728b)
Start importing Assets/Scripts using Guid(0e3ce7dc1fbbe0f4a86e619343d78bb5) Importer(815301076,1909f56bfc062723c751e8b465ee728b)  -> (artifact id: '0cadd37c6254257f2346691eace1fa43') in 0.003519 seconds
  Import took 0.006146 seconds .

========================================================================
Received Prepare
Registering precompiled user dll's ...
Registered in 0.000833 seconds.
Begin MonoManager ReloadAssembly
Native extension for WindowsStandalone target not found
Refreshing native plugins compatible for Editor in 0.27 ms, found 0 plugins.
Preloading 0 native plugins for Editor in 0.00 ms.
Invoked RoslynAnalysisRunner static constructor.
RoslynAnalysisRunner will not be running.
RoslynAnalysisRunner has terminated.
Mono: successfully reloaded assembly
- Completed reload, in  0.965 seconds
Platform modules already initialized, skipping
Refreshing native plugins compatible for Editor in 0.23 ms, found 0 plugins.
Preloading 0 native plugins for Editor in 0.00 ms.
Unloading 1113 Unused Serialized files (Serialized files now loaded: 0)
System memory in use before: 57.1 MB.
System memory in use after: 57.2 MB.

Unloading 5 unused Assets to reduce memory usage. Loaded Objects now: 1563.
Total: 2.448900 ms (FindLiveObjects: 0.262400 ms CreateObjectMapping: 0.047300 ms MarkObjects: 2.057500 ms  DeleteObjects: 0.080000 ms)

========================================================================
Received Prepare
Registering precompiled user dll's ...
Registered in 0.000714 seconds.
Begin MonoManager ReloadAssembly
Native extension for WindowsStandalone target not found
Refreshing native plugins compatible for Editor in 0.25 ms, found 0 plugins.
Preloading 0 native plugins for Editor in 0.00 ms.
Invoked RoslynAnalysisRunner static constructor.
RoslynAnalysisRunner will not be running.
RoslynAnalysisRunner has terminated.
Mono: successfully reloaded assembly
- Completed reload, in  0.885 seconds
Platform modules already initialized, skipping
Refreshing native plugins compatible for Editor in 0.25 ms, found 0 plugins.
Preloading 0 native plugins for Editor in 0.00 ms.
Unloading 1113 Unused Serialized files (Serialized files now loaded: 0)
System memory in use before: 57.1 MB.
System memory in use after: 57.2 MB.

Unloading 5 unused Assets to reduce memory usage. Loaded Objects now: 1566.
Total: 2.284100 ms (FindLiveObjects: 0.197300 ms CreateObjectMapping: 0.036200 ms MarkObjects: 1.975900 ms  DeleteObjects: 0.072500 ms)

========================================================================
Received Import Request.
  Time since last request: 477.399300 seconds.
  path: Assets/BladeTrail.mat
  artifactKey: Guid(bf5402f8a6bf6de4797cea2044fee11d) Importer(815301076,1909f56bfc062723c751e8b465ee728b)
Start importing Assets/BladeTrail.mat using Guid(bf5402f8a6bf6de4797cea2044fee11d) Importer(815301076,1909f56bfc062723c751e8b465ee728b)  -> (artifact id: '4b18b7debb169c0be87ab6e103ece368') in 0.149831 seconds
  Import took 0.153323 seconds .

========================================================================
Received Import Request.
  Time since last request: 176.341478 seconds.
  path: Assets/Prefab
  artifactKey: Guid(e396e33748d6bab40b160f9ab76cd843) Importer(815301076,1909f56bfc062723c751e8b465ee728b)
Start importing Assets/Prefab using Guid(e396e33748d6bab40b160f9ab76cd843) Importer(815301076,1909f56bfc062723c751e8b465ee728b)  -> (artifact id: 'fe3594c96e378908c8ff1acb8a915810') in 0.010263 seconds
  Import took 0.013161 seconds .

========================================================================
Received Import Request.
  Time since last request: 4.639177 seconds.
  path: Assets/Prefab/BladeTrail.prefab
  artifactKey: Guid(a7a6664eb3318da45b726e5fe091176b) Importer(815301076,1909f56bfc062723c751e8b465ee728b)
Start importing Assets/Prefab/BladeTrail.prefab using Guid(a7a6664eb3318da45b726e5fe091176b) Importer(815301076,1909f56bfc062723c751e8b465ee728b)  -> (artifact id: '785619d8e3a65f1bc91673559518af83') in 0.012861 seconds
  Import took 0.015403 seconds .

========================================================================
Received Import Request.
  Time since last request: 0.018506 seconds.
  path: Assets/Prefab/BladeTrail.prefab
  artifactKey: Guid(a7a6664eb3318da45b726e5fe091176b) Importer(815301076,1909f56bfc062723c751e8b465ee728b)
Start importing Assets/Prefab/BladeTrail.prefab using Guid(a7a6664eb3318da45b726e5fe091176b) Importer(815301076,1909f56bfc062723c751e8b465ee728b)  -> (artifact id: '785619d8e3a65f1bc91673559518af83') in 0.007129 seconds
  Import took 0.009990 seconds .

========================================================================
Received Prepare
Registering precompiled user dll's ...
Registered in 0.000762 seconds.
Begin MonoManager ReloadAssembly
Native extension for WindowsStandalone target not found
Refreshing native plugins compatible for Editor in 0.28 ms, found 0 plugins.
Preloading 0 native plugins for Editor in 0.00 ms.
Invoked RoslynAnalysisRunner static constructor.
RoslynAnalysisRunner will not be running.
RoslynAnalysisRunner has terminated.
Mono: successfully reloaded assembly
- Completed reload, in  0.890 seconds
Platform modules already initialized, skipping
Refreshing native plugins compatible for Editor in 0.42 ms, found 0 plugins.
Preloading 0 native plugins for Editor in 0.00 ms.
Unloading 1113 Unused Serialized files (Serialized files now loaded: 0)
System memory in use before: 60.5 MB.
System memory in use after: 60.5 MB.

Unloading 5 unused Assets to reduce memory usage. Loaded Objects now: 1609.
Total: 2.292100 ms (FindLiveObjects: 0.266400 ms CreateObjectMapping: 0.047500 ms MarkObjects: 1.909000 ms  DeleteObjects: 0.067900 ms)

========================================================================
Received Prepare
Registering precompiled user dll's ...
Registered in 0.000884 seconds.
Begin MonoManager ReloadAssembly
Native extension for WindowsStandalone target not found
Refreshing native plugins compatible for Editor in 0.36 ms, found 0 plugins.
Preloading 0 native plugins for Editor in 0.00 ms.
Invoked RoslynAnalysisRunner static constructor.
RoslynAnalysisRunner will not be running.
RoslynAnalysisRunner has terminated.
Mono: successfully reloaded assembly
- Completed reload, in  1.076 seconds
Platform modules already initialized, skipping
Refreshing native plugins compatible for Editor in 0.26 ms, found 0 plugins.
Preloading 0 native plugins for Editor in 0.00 ms.
Unloading 1113 Unused Serialized files (Serialized files now loaded: 0)
System memory in use before: 60.5 MB.
System memory in use after: 60.5 MB.

Unloading 5 unused Assets to reduce memory usage. Loaded Objects now: 1612.
Total: 2.289000 ms (FindLiveObjects: 0.194800 ms CreateObjectMapping: 0.035300 ms MarkObjects: 1.986400 ms  DeleteObjects: 0.070500 ms)

========================================================================
Received Prepare
Registering precompiled user dll's ...
Registered in 0.000824 seconds.
Begin MonoManager ReloadAssembly
Native extension for WindowsStandalone target not found
Refreshing native plugins compatible for Editor in 0.26 ms, found 0 plugins.
Preloading 0 native plugins for Editor in 0.00 ms.
Invoked RoslynAnalysisRunner static constructor.
RoslynAnalysisRunner will not be running.
RoslynAnalysisRunner has terminated.
Mono: successfully reloaded assembly
- Completed reload, in  0.975 seconds
Platform modules already initialized, skipping
Refreshing native plugins compatible for Editor in 0.43 ms, found 0 plugins.
Preloading 0 native plugins for Editor in 0.00 ms.
Unloading 1113 Unused Serialized files (Serialized files now loaded: 0)
System memory in use before: 60.5 MB.
System memory in use after: 60.6 MB.

Unloading 5 unused Assets to reduce memory usage. Loaded Objects now: 1615.
Total: 2.319000 ms (FindLiveObjects: 0.182300 ms CreateObjectMapping: 0.034600 ms MarkObjects: 2.040700 ms  DeleteObjects: 0.059900 ms)

========================================================================
Received Prepare
Registering precompiled user dll's ...
Registered in 0.001223 seconds.
Begin MonoManager ReloadAssembly
Native extension for WindowsStandalone target not found
Refreshing native plugins compatible for Editor in 0.29 ms, found 0 plugins.
Preloading 0 native plugins for Editor in 0.00 ms.
Invoked RoslynAnalysisRunner static constructor.
RoslynAnalysisRunner will not be running.
RoslynAnalysisRunner has terminated.
Mono: successfully reloaded assembly
- Completed reload, in  1.112 seconds
Platform modules already initialized, skipping
Refreshing native plugins compatible for Editor in 0.42 ms, found 0 plugins.
Preloading 0 native plugins for Editor in 0.00 ms.
Unloading 1113 Unused Serialized files (Serialized files now loaded: 0)
System memory in use before: 60.5 MB.
System memory in use after: 60.6 MB.

Unloading 5 unused Assets to reduce memory usage. Loaded Objects now: 1618.
Total: 3.504100 ms (FindLiveObjects: 0.347200 ms CreateObjectMapping: 0.132800 ms MarkObjects: 2.949700 ms  DeleteObjects: 0.072400 ms)

========================================================================
Received Prepare
Registering precompiled user dll's ...
Registered in 0.001104 seconds.
Begin MonoManager ReloadAssembly
Native extension for WindowsStandalone target not found
Refreshing native plugins compatible for Editor in 0.28 ms, found 0 plugins.
Preloading 0 native plugins for Editor in 0.00 ms.
Invoked RoslynAnalysisRunner static constructor.
RoslynAnalysisRunner will not be running.
RoslynAnalysisRunner has terminated.
Mono: successfully reloaded assembly
- Completed reload, in  0.864 seconds
Platform modules already initialized, skipping
Refreshing native plugins compatible for Editor in 0.26 ms, found 0 plugins.
Preloading 0 native plugins for Editor in 0.00 ms.
Unloading 1113 Unused Serialized files (Serialized files now loaded: 0)
System memory in use before: 60.5 MB.
System memory in use after: 60.6 MB.

Unloading 5 unused Assets to reduce memory usage. Loaded Objects now: 1621.
Total: 2.298600 ms (FindLiveObjects: 0.275500 ms CreateObjectMapping: 0.037500 ms MarkObjects: 1.908000 ms  DeleteObjects: 0.075400 ms)

========================================================================
Received Import Request.
  Time since last request: 834.149712 seconds.
  path: Assets/Models
  artifactKey: Guid(f47dae2f216fe63459e055fed7af6d31) Importer(815301076,1909f56bfc062723c751e8b465ee728b)
Start importing Assets/Models using Guid(f47dae2f216fe63459e055fed7af6d31) Importer(815301076,1909f56bfc062723c751e8b465ee728b)  -> (artifact id: '75e542bd37fb032d6eef67efae8f24e7') in 0.013047 seconds
  Import took 0.016213 seconds .

========================================================================
Received Import Request.
  Time since last request: 0.048404 seconds.
  path: Assets/Models/Watermelon.blend
  artifactKey: Guid(c92b4b92729f12a4586682b64940e16e) Importer(815301076,1909f56bfc062723c751e8b465ee728b)
Start importing Assets/Models/Watermelon.blend using Guid(c92b4b92729f12a4586682b64940e16e) Importer(815301076,1909f56bfc062723c751e8b465ee728b)  -> (artifact id: 'b9b4f309fc90552a4d6949f527cb40a6') in 0.105434 seconds
  Import took 0.108021 seconds .

========================================================================
Received Import Request.
  Time since last request: 0.000365 seconds.
  path: Assets/Models/Watermelon_Sliced.blend
  artifactKey: Guid(fdda26b2ab47767448c19c694d9fdba6) Importer(815301076,1909f56bfc062723c751e8b465ee728b)
Start importing Assets/Models/Watermelon_Sliced.blend using Guid(fdda26b2ab47767448c19c694d9fdba6) Importer(815301076,1909f56bfc062723c751e8b465ee728b)  -> (artifact id: '18aba1e340663d460c66987d56e919b7') in 0.052084 seconds
  Import took 0.054475 seconds .

========================================================================
Received Import Request.
  Time since last request: 764.146646 seconds.
  path: Assets/Scripts/FruitSpawner.cs
  artifactKey: Guid(a19f3a3e066e56a488f0ea8e3d542a54) Importer(815301076,1909f56bfc062723c751e8b465ee728b)
Start importing Assets/Scripts/FruitSpawner.cs using Guid(a19f3a3e066e56a488f0ea8e3d542a54) Importer(815301076,1909f56bfc062723c751e8b465ee728b)  -> (artifact id: 'eca9f92b4eac8a6222f61cfe5a64200f') in 0.049102 seconds
  Import took 0.056653 seconds .

========================================================================
Received Import Request.
  Time since last request: 1.667269 seconds.
  path: Assets/Scripts/Fruit.cs
  artifactKey: Guid(a1edee5293fda0d44b0f32416bc0bc5b) Importer(815301076,1909f56bfc062723c751e8b465ee728b)
Start importing Assets/Scripts/Fruit.cs using Guid(a1edee5293fda0d44b0f32416bc0bc5b) Importer(815301076,1909f56bfc062723c751e8b465ee728b)  -> (artifact id: 'ae3f7fe1fb5c31aae151863069d97ed1') in 0.022919 seconds
  Import took 0.027247 seconds .

========================================================================
Received Import Request.
  Time since last request: 0.002609 seconds.
  path: Assets/Scripts/Fruit.cs
  artifactKey: Guid(a1edee5293fda0d44b0f32416bc0bc5b) Importer(815301076,1909f56bfc062723c751e8b465ee728b)
Start importing Assets/Scripts/Fruit.cs using Guid(a1edee5293fda0d44b0f32416bc0bc5b) Importer(815301076,1909f56bfc062723c751e8b465ee728b)  -> (artifact id: 'ae3f7fe1fb5c31aae151863069d97ed1') in 0.004130 seconds
  Import took 0.007992 seconds .

========================================================================
Received Import Request.
  Time since last request: 68.859258 seconds.
  path: ProjectSettings/TagManager.asset
  artifactKey: Guid(00000000000000003000000000000000) Importer(815301076,1909f56bfc062723c751e8b465ee728b)
Start importing ProjectSettings/TagManager.asset using Guid(00000000000000003000000000000000) Importer(815301076,1909f56bfc062723c751e8b465ee728b)  -> (artifact id: '9274ce4079a5137dd04f6e6c4d809583') in 0.013532 seconds
  Import took 0.017088 seconds .

========================================================================
Received Import Request.
  Time since last request: 407.009689 seconds.
  path: Assets/Prefab/Watermelon_Sliced.prefab
  artifactKey: Guid(da38e5ebc29058a4f89cba55423bc99a) Importer(815301076,1909f56bfc062723c751e8b465ee728b)
Start importing Assets/Prefab/Watermelon_Sliced.prefab using Guid(da38e5ebc29058a4f89cba55423bc99a) Importer(815301076,1909f56bfc062723c751e8b465ee728b)  -> (artifact id: '84d7f35356133b3f226e70201574e3d7') in 0.038735 seconds
  Import took 0.041899 seconds .

========================================================================
Received Import Request.
  Time since last request: 0.009155 seconds.
  path: Assets/Prefab/Watermelon_Sliced.prefab
  artifactKey: Guid(da38e5ebc29058a4f89cba55423bc99a) Importer(815301076,1909f56bfc062723c751e8b465ee728b)
Start importing Assets/Prefab/Watermelon_Sliced.prefab using Guid(da38e5ebc29058a4f89cba55423bc99a) Importer(815301076,1909f56bfc062723c751e8b465ee728b)  -> (artifact id: '84d7f35356133b3f226e70201574e3d7') in 0.016386 seconds
  Import took 0.019417 seconds .

========================================================================
Received Prepare
Registering precompiled user dll's ...
Registered in 0.000934 seconds.
Begin MonoManager ReloadAssembly
Native extension for WindowsStandalone target not found
Refreshing native plugins compatible for Editor in 0.68 ms, found 0 plugins.
Preloading 0 native plugins for Editor in 0.00 ms.
Invoked RoslynAnalysisRunner static constructor.
RoslynAnalysisRunner will not be running.
RoslynAnalysisRunner has terminated.
Mono: successfully reloaded assembly
- Completed reload, in  1.365 seconds
Platform modules already initialized, skipping
Refreshing native plugins compatible for Editor in 0.29 ms, found 0 plugins.
Preloading 0 native plugins for Editor in 0.00 ms.
Unloading 1113 Unused Serialized files (Serialized files now loaded: 0)
System memory in use before: 60.7 MB.
System memory in use after: 60.7 MB.

Unloading 6 unused Assets to reduce memory usage. Loaded Objects now: 1628.
Total: 2.724100 ms (FindLiveObjects: 0.269600 ms CreateObjectMapping: 0.047100 ms MarkObjects: 2.329900 ms  DeleteObjects: 0.075400 ms)

========================================================================
Received Import Request.
  Time since last request: 153.559245 seconds.
  path: Assets/Prefab/Watermelon_Sliced.prefab
  artifactKey: Guid(da38e5ebc29058a4f89cba55423bc99a) Importer(815301076,1909f56bfc062723c751e8b465ee728b)
Start importing Assets/Prefab/Watermelon_Sliced.prefab using Guid(da38e5ebc29058a4f89cba55423bc99a) Importer(815301076,1909f56bfc062723c751e8b465ee728b)  -> (artifact id: 'd6402b167bdb068dafad2a69c5adb74b') in 0.083018 seconds
  Import took 0.085933 seconds .

========================================================================
Received Prepare
Registering precompiled user dll's ...
Registered in 0.000915 seconds.
Begin MonoManager ReloadAssembly
Native extension for WindowsStandalone target not found
Refreshing native plugins compatible for Editor in 0.75 ms, found 0 plugins.
Preloading 0 native plugins for Editor in 0.00 ms.
Invoked RoslynAnalysisRunner static constructor.
RoslynAnalysisRunner will not be running.
RoslynAnalysisRunner has terminated.
Mono: successfully reloaded assembly
- Completed reload, in  1.171 seconds
Platform modules already initialized, skipping
Refreshing native plugins compatible for Editor in 0.27 ms, found 0 plugins.
Preloading 0 native plugins for Editor in 0.00 ms.
Unloading 1113 Unused Serialized files (Serialized files now loaded: 0)
System memory in use before: 60.7 MB.
System memory in use after: 60.7 MB.

Unloading 5 unused Assets to reduce memory usage. Loaded Objects now: 1632.
Total: 2.383200 ms (FindLiveObjects: 0.237300 ms CreateObjectMapping: 0.039600 ms MarkObjects: 2.024400 ms  DeleteObjects: 0.080300 ms)

========================================================================
Received Prepare
Registering precompiled user dll's ...
Registered in 0.001434 seconds.
Begin MonoManager ReloadAssembly
Native extension for WindowsStandalone target not found
Refreshing native plugins compatible for Editor in 0.37 ms, found 0 plugins.
Preloading 0 native plugins for Editor in 0.00 ms.
Invoked RoslynAnalysisRunner static constructor.
RoslynAnalysisRunner will not be running.
RoslynAnalysisRunner has terminated.
Mono: successfully reloaded assembly
- Completed reload, in  1.155 seconds
Platform modules already initialized, skipping
Refreshing native plugins compatible for Editor in 0.25 ms, found 0 plugins.
Preloading 0 native plugins for Editor in 0.00 ms.
Unloading 1113 Unused Serialized files (Serialized files now loaded: 0)
System memory in use before: 60.7 MB.
System memory in use after: 60.7 MB.

Unloading 5 unused Assets to reduce memory usage. Loaded Objects now: 1635.
Total: 2.838000 ms (FindLiveObjects: 0.350000 ms CreateObjectMapping: 0.099400 ms MarkObjects: 2.312300 ms  DeleteObjects: 0.074800 ms)

========================================================================
Received Import Request.
  Time since last request: 363.636396 seconds.
  path: Assets/Prefab/Watermelon_Sliced.prefab
  artifactKey: Guid(da38e5ebc29058a4f89cba55423bc99a) Importer(815301076,1909f56bfc062723c751e8b465ee728b)
Start importing Assets/Prefab/Watermelon_Sliced.prefab using Guid(da38e5ebc29058a4f89cba55423bc99a) Importer(815301076,1909f56bfc062723c751e8b465ee728b)  -> (artifact id: '42765da33d3b36352b03ccc57a62c4fe') in 0.078222 seconds
  Import took 0.081176 seconds .

========================================================================
Received Import Request.
  Time since last request: 32.271404 seconds.
  path: Assets/Prefab/watermelon.prefab
  artifactKey: Guid(fd08c9c6b8baa4649bc4dcea8339e4df) Importer(815301076,1909f56bfc062723c751e8b465ee728b)
Start importing Assets/Prefab/watermelon.prefab using Guid(fd08c9c6b8baa4649bc4dcea8339e4df) Importer(815301076,1909f56bfc062723c751e8b465ee728b)  -> (artifact id: 'b778a41d3d27b6e2ef1114880e72f533') in 0.027520 seconds
  Import took 0.030363 seconds .

========================================================================
Received Import Request.
  Time since last request: 0.005864 seconds.
  path: Assets/Prefab/watermelon.prefab
  artifactKey: Guid(fd08c9c6b8baa4649bc4dcea8339e4df) Importer(815301076,1909f56bfc062723c751e8b465ee728b)
Start importing Assets/Prefab/watermelon.prefab using Guid(fd08c9c6b8baa4649bc4dcea8339e4df) Importer(815301076,1909f56bfc062723c751e8b465ee728b)  -> (artifact id: 'b778a41d3d27b6e2ef1114880e72f533') in 0.016108 seconds
  Import took 0.018886 seconds .

========================================================================
Received Prepare
Registering precompiled user dll's ...
Registered in 0.001000 seconds.
Begin MonoManager ReloadAssembly
Native extension for WindowsStandalone target not found
Refreshing native plugins compatible for Editor in 0.27 ms, found 0 plugins.
Preloading 0 native plugins for Editor in 0.00 ms.
Invoked RoslynAnalysisRunner static constructor.
RoslynAnalysisRunner will not be running.
RoslynAnalysisRunner has terminated.
Mono: successfully reloaded assembly
- Completed reload, in  1.283 seconds
Platform modules already initialized, skipping
Refreshing native plugins compatible for Editor in 0.25 ms, found 0 plugins.
Preloading 0 native plugins for Editor in 0.00 ms.
Unloading 1113 Unused Serialized files (Serialized files now loaded: 0)
System memory in use before: 60.7 MB.
System memory in use after: 60.8 MB.

Unloading 5 unused Assets to reduce memory usage. Loaded Objects now: 1639.
Total: 2.635700 ms (FindLiveObjects: 0.203000 ms CreateObjectMapping: 0.038000 ms MarkObjects: 2.323900 ms  DeleteObjects: 0.069500 ms)

========================================================================
Received Prepare
Registering precompiled user dll's ...
Registered in 0.000862 seconds.
Begin MonoManager ReloadAssembly
Native extension for WindowsStandalone target not found
Refreshing native plugins compatible for Editor in 0.34 ms, found 0 plugins.
Preloading 0 native plugins for Editor in 0.00 ms.
Invoked RoslynAnalysisRunner static constructor.
RoslynAnalysisRunner will not be running.
RoslynAnalysisRunner has terminated.
Mono: successfully reloaded assembly
- Completed reload, in  0.934 seconds
Platform modules already initialized, skipping
Refreshing native plugins compatible for Editor in 0.27 ms, found 0 plugins.
Preloading 0 native plugins for Editor in 0.00 ms.
Unloading 1113 Unused Serialized files (Serialized files now loaded: 0)
System memory in use before: 60.7 MB.
System memory in use after: 60.8 MB.

Unloading 5 unused Assets to reduce memory usage. Loaded Objects now: 1642.
Total: 2.513800 ms (FindLiveObjects: 0.215100 ms CreateObjectMapping: 0.036800 ms MarkObjects: 2.174000 ms  DeleteObjects: 0.086100 ms)

AssetImportWorkerClient::OnTransportError - code=2 error=End of file
